Analysis & Synthesis report for Processador
Tue Oct 08 12:47:36 2019
Quartus Prime Version 17.1.0 Build 590 10/25/2017 SJ Lite Edition


---------------------
; Table of Contents ;
---------------------
  1. Legal Notice
  2. Analysis & Synthesis Summary
  3. Analysis & Synthesis Settings
  4. Parallel Compilation
  5. Analysis & Synthesis Source Files Read
  6. Analysis & Synthesis Resource Usage Summary
  7. Analysis & Synthesis Resource Utilization by Entity
  8. User-Specified and Inferred Latches
  9. General Register Statistics
 10. Multiplexer Restructuring Statistics (Restructuring Performed)
 11. Parameter Settings for User Entity Instance: Top-level Entity: |Relogio
 12. Parameter Settings for User Entity Instance: somador:Somador
 13. Parameter Settings for User Entity Instance: mux:Mux2_Jump
 14. Parameter Settings for User Entity Instance: pc:PC
 15. Parameter Settings for User Entity Instance: rom:ROM
 16. Parameter Settings for User Entity Instance: UC:UC
 17. Parameter Settings for User Entity Instance: muxULA:Mux_entrada_ULA
 18. Parameter Settings for User Entity Instance: BancodeRegistradores:BR
 19. Parameter Settings for User Entity Instance: ula:ULA
 20. Parameter Settings for User Entity Instance: divisorGenerico:BASE_TEMPO
 21. Parameter Settings for User Entity Instance: chaves:CHAVE
 22. Port Connectivity Checks: "decoder:DE"
 23. Post-Synthesis Netlist Statistics for Top Partition
 24. Elapsed Time Per Partition
 25. Analysis & Synthesis Messages



----------------
; Legal Notice ;
----------------
Copyright (C) 2017  Intel Corporation. All rights reserved.
Your use of Intel Corporation's design tools, logic functions 
and other software and tools, and its AMPP partner logic 
functions, and any output files from any of the foregoing 
(including device programming or simulation files), and any 
associated documentation or information are expressly subject 
to the terms and conditions of the Intel Program License 
Subscription Agreement, the Intel Quartus Prime License Agreement,
the Intel FPGA IP License Agreement, or other applicable license
agreement, including, without limitation, that your use is for
the sole purpose of programming logic devices manufactured by
Intel and sold by Intel or its authorized distributors.  Please
refer to the applicable agreement for further details.



+----------------------------------------------------------------------------------+
; Analysis & Synthesis Summary                                                     ;
+------------------------------------+---------------------------------------------+
; Analysis & Synthesis Status        ; Successful - Tue Oct 08 12:47:36 2019       ;
; Quartus Prime Version              ; 17.1.0 Build 590 10/25/2017 SJ Lite Edition ;
; Revision Name                      ; Processador                                 ;
; Top-level Entity Name              ; Relogio                                     ;
; Family                             ; Cyclone IV E                                ;
; Total logic elements               ; 256                                         ;
;     Total combinational functions  ; 256                                         ;
;     Dedicated logic registers      ; 43                                          ;
; Total registers                    ; 43                                          ;
; Total pins                         ; 89                                          ;
; Total virtual pins                 ; 0                                           ;
; Total memory bits                  ; 0                                           ;
; Embedded Multiplier 9-bit elements ; 0                                           ;
; Total PLLs                         ; 0                                           ;
+------------------------------------+---------------------------------------------+


+----------------------------------------------------------------------------------------------------------------------+
; Analysis & Synthesis Settings                                                                                        ;
+----------------------------------------------------------------------------+--------------------+--------------------+
; Option                                                                     ; Setting            ; Default Value      ;
+----------------------------------------------------------------------------+--------------------+--------------------+
; Device                                                                     ; EP4CE115F29C7      ;                    ;
; Top-level entity name                                                      ; Relogio            ; Processador        ;
; Family name                                                                ; Cyclone IV E       ; Cyclone V          ;
; VHDL Show LMF Mapping Messages                                             ; Off                ;                    ;
; VHDL Version                                                               ; VHDL_2008          ; VHDL_1993          ;
; Use smart compilation                                                      ; Off                ; Off                ;
; Enable parallel Assembler and TimeQuest Timing Analyzer during compilation ; On                 ; On                 ;
; Enable compact report table                                                ; Off                ; Off                ;
; Restructure Multiplexers                                                   ; Auto               ; Auto               ;
; Create Debugging Nodes for IP Cores                                        ; Off                ; Off                ;
; Preserve fewer node names                                                  ; On                 ; On                 ;
; Intel FPGA IP Evaluation Mode                                              ; Enable             ; Enable             ;
; Verilog Version                                                            ; Verilog_2001       ; Verilog_2001       ;
; State Machine Processing                                                   ; Auto               ; Auto               ;
; Safe State Machine                                                         ; Off                ; Off                ;
; Extract Verilog State Machines                                             ; On                 ; On                 ;
; Extract VHDL State Machines                                                ; On                 ; On                 ;
; Ignore Verilog initial constructs                                          ; Off                ; Off                ;
; Iteration limit for constant Verilog loops                                 ; 5000               ; 5000               ;
; Iteration limit for non-constant Verilog loops                             ; 250                ; 250                ;
; Add Pass-Through Logic to Inferred RAMs                                    ; On                 ; On                 ;
; Infer RAMs from Raw Logic                                                  ; On                 ; On                 ;
; Parallel Synthesis                                                         ; On                 ; On                 ;
; DSP Block Balancing                                                        ; Auto               ; Auto               ;
; NOT Gate Push-Back                                                         ; On                 ; On                 ;
; Power-Up Don't Care                                                        ; On                 ; On                 ;
; Remove Redundant Logic Cells                                               ; Off                ; Off                ;
; Remove Duplicate Registers                                                 ; On                 ; On                 ;
; Ignore CARRY Buffers                                                       ; Off                ; Off                ;
; Ignore CASCADE Buffers                                                     ; Off                ; Off                ;
; Ignore GLOBAL Buffers                                                      ; Off                ; Off                ;
; Ignore ROW GLOBAL Buffers                                                  ; Off                ; Off                ;
; Ignore LCELL Buffers                                                       ; Off                ; Off                ;
; Ignore SOFT Buffers                                                        ; On                 ; On                 ;
; Limit AHDL Integers to 32 Bits                                             ; Off                ; Off                ;
; Optimization Technique                                                     ; Balanced           ; Balanced           ;
; Carry Chain Length                                                         ; 70                 ; 70                 ;
; Auto Carry Chains                                                          ; On                 ; On                 ;
; Auto Open-Drain Pins                                                       ; On                 ; On                 ;
; Perform WYSIWYG Primitive Resynthesis                                      ; Off                ; Off                ;
; Auto ROM Replacement                                                       ; On                 ; On                 ;
; Auto RAM Replacement                                                       ; On                 ; On                 ;
; Auto DSP Block Replacement                                                 ; On                 ; On                 ;
; Auto Shift Register Replacement                                            ; Auto               ; Auto               ;
; Allow Shift Register Merging across Hierarchies                            ; Auto               ; Auto               ;
; Auto Clock Enable Replacement                                              ; On                 ; On                 ;
; Strict RAM Replacement                                                     ; Off                ; Off                ;
; Allow Synchronous Control Signals                                          ; On                 ; On                 ;
; Force Use of Synchronous Clear Signals                                     ; Off                ; Off                ;
; Auto RAM Block Balancing                                                   ; On                 ; On                 ;
; Auto RAM to Logic Cell Conversion                                          ; Off                ; Off                ;
; Auto Resource Sharing                                                      ; Off                ; Off                ;
; Allow Any RAM Size For Recognition                                         ; Off                ; Off                ;
; Allow Any ROM Size For Recognition                                         ; Off                ; Off                ;
; Allow Any Shift Register Size For Recognition                              ; Off                ; Off                ;
; Use LogicLock Constraints during Resource Balancing                        ; On                 ; On                 ;
; Ignore translate_off and synthesis_off directives                          ; Off                ; Off                ;
; Timing-Driven Synthesis                                                    ; On                 ; On                 ;
; Report Parameter Settings                                                  ; On                 ; On                 ;
; Report Source Assignments                                                  ; On                 ; On                 ;
; Report Connectivity Checks                                                 ; On                 ; On                 ;
; Ignore Maximum Fan-Out Assignments                                         ; Off                ; Off                ;
; Synchronization Register Chain Length                                      ; 2                  ; 2                  ;
; Power Optimization During Synthesis                                        ; Normal compilation ; Normal compilation ;
; HDL message level                                                          ; Level2             ; Level2             ;
; Suppress Register Optimization Related Messages                            ; Off                ; Off                ;
; Number of Removed Registers Reported in Synthesis Report                   ; 5000               ; 5000               ;
; Number of Swept Nodes Reported in Synthesis Report                         ; 5000               ; 5000               ;
; Number of Inverted Registers Reported in Synthesis Report                  ; 100                ; 100                ;
; Clock MUX Protection                                                       ; On                 ; On                 ;
; Auto Gated Clock Conversion                                                ; Off                ; Off                ;
; Block Design Naming                                                        ; Auto               ; Auto               ;
; SDC constraint protection                                                  ; Off                ; Off                ;
; Synthesis Effort                                                           ; Auto               ; Auto               ;
; Shift Register Replacement - Allow Asynchronous Clear Signal               ; On                 ; On                 ;
; Pre-Mapping Resynthesis Optimization                                       ; Off                ; Off                ;
; Analysis & Synthesis Message Level                                         ; Medium             ; Medium             ;
; Disable Register Merging Across Hierarchies                                ; Auto               ; Auto               ;
; Resource Aware Inference For Block RAM                                     ; On                 ; On                 ;
+----------------------------------------------------------------------------+--------------------+--------------------+


+------------------------------------------+
; Parallel Compilation                     ;
+----------------------------+-------------+
; Processors                 ; Number      ;
+----------------------------+-------------+
; Number detected on machine ; 4           ;
; Maximum allowed            ; 2           ;
;                            ;             ;
; Average used               ; 1.00        ;
; Maximum used               ; 2           ;
;                            ;             ;
; Usage by Processor         ; % Time Used ;
;     Processor 1            ; 100.0%      ;
;     Processor 2            ;   0.0%      ;
+----------------------------+-------------+


+-------------------------------------------------------------------------------------------------------------------------------------------------------------------------------------+
; Analysis & Synthesis Source Files Read                                                                                                                                              ;
+----------------------------------+-----------------+-----------------+----------------------------------------------------------------------------------------------------+---------+
; File Name with User-Entered Path ; Used in Netlist ; File Type       ; File Name with Absolute Path                                                                       ; Library ;
+----------------------------------+-----------------+-----------------+----------------------------------------------------------------------------------------------------+---------+
; ula.vhd                          ; yes             ; User VHDL File  ; C:/Users/victo/Documents/GitHub/Processador-Relogio/Terceira_tentativa/ula.vhd                     ;         ;
; UC.vhd                           ; yes             ; User VHDL File  ; C:/Users/victo/Documents/GitHub/Processador-Relogio/Terceira_tentativa/UC.vhd                      ;         ;
; somador.vhd                      ; yes             ; User VHDL File  ; C:/Users/victo/Documents/GitHub/Processador-Relogio/Terceira_tentativa/somador.vhd                 ;         ;
; rom.vhd                          ; yes             ; User VHDL File  ; C:/Users/victo/Documents/GitHub/Processador-Relogio/Terceira_tentativa/rom.vhd                     ;         ;
; Relogio.vhd                      ; yes             ; User VHDL File  ; C:/Users/victo/Documents/GitHub/Processador-Relogio/Terceira_tentativa/Relogio.vhd                 ;         ;
; pc.vhd                           ; yes             ; User VHDL File  ; C:/Users/victo/Documents/GitHub/Processador-Relogio/Terceira_tentativa/pc.vhd                      ;         ;
; mux.vhd                          ; yes             ; User VHDL File  ; C:/Users/victo/Documents/GitHub/Processador-Relogio/Terceira_tentativa/mux.vhd                     ;         ;
; divisorGenerico.vhd              ; yes             ; User VHDL File  ; C:/Users/victo/Documents/GitHub/Processador-Relogio/Terceira_tentativa/divisorGenerico.vhd         ;         ;
; decoder.vhd                      ; yes             ; User VHDL File  ; C:/Users/victo/Documents/GitHub/Processador-Relogio/Terceira_tentativa/decoder.vhd                 ;         ;
; conversorHex7SegDisplay.vhd      ; yes             ; User VHDL File  ; C:/Users/victo/Documents/GitHub/Processador-Relogio/Terceira_tentativa/conversorHex7SegDisplay.vhd ;         ;
; chaves.vhd                       ; yes             ; User VHDL File  ; C:/Users/victo/Documents/GitHub/Processador-Relogio/Terceira_tentativa/chaves.vhd                  ;         ;
; BancodeRegistradores.vhd         ; yes             ; User VHDL File  ; C:/Users/victo/Documents/GitHub/Processador-Relogio/Terceira_tentativa/BancodeRegistradores.vhd    ;         ;
; muxULAvhd.vhd                    ; yes             ; User VHDL File  ; C:/Users/victo/Documents/GitHub/Processador-Relogio/Terceira_tentativa/muxULAvhd.vhd               ;         ;
+----------------------------------+-----------------+-----------------+----------------------------------------------------------------------------------------------------+---------+


+------------------------------------------------------------------+
; Analysis & Synthesis Resource Usage Summary                      ;
+---------------------------------------------+--------------------+
; Resource                                    ; Usage              ;
+---------------------------------------------+--------------------+
; Estimated Total logic elements              ; 256                ;
;                                             ;                    ;
; Total combinational functions               ; 256                ;
; Logic element usage by number of LUT inputs ;                    ;
;     -- 4 input functions                    ; 177                ;
;     -- 3 input functions                    ; 37                 ;
;     -- <=2 input functions                  ; 42                 ;
;                                             ;                    ;
; Logic elements by mode                      ;                    ;
;     -- normal mode                          ; 221                ;
;     -- arithmetic mode                      ; 35                 ;
;                                             ;                    ;
; Total registers                             ; 43                 ;
;     -- Dedicated logic registers            ; 43                 ;
;     -- I/O registers                        ; 0                  ;
;                                             ;                    ;
; I/O pins                                    ; 89                 ;
;                                             ;                    ;
; Embedded Multiplier 9-bit elements          ; 0                  ;
;                                             ;                    ;
; Maximum fan-out node                        ; rom:ROM|content~29 ;
; Maximum fan-out                             ; 50                 ;
; Total fan-out                               ; 1169               ;
; Average fan-out                             ; 2.45               ;
+---------------------------------------------+--------------------+


+-------------------------------------------------------------------------------------------------------------------------------------------------------------------------------------------------------------------------------------------------------+
; Analysis & Synthesis Resource Utilization by Entity                                                                                                                                                                                                   ;
+---------------------------------------+---------------------+---------------------------+-------------+--------------+---------+-----------+------+--------------+-------------------------------------------+-------------------------+--------------+
; Compilation Hierarchy Node            ; Combinational ALUTs ; Dedicated Logic Registers ; Memory Bits ; DSP Elements ; DSP 9x9 ; DSP 18x18 ; Pins ; Virtual Pins ; Full Hierarchy Name                       ; Entity Name             ; Library Name ;
+---------------------------------------+---------------------+---------------------------+-------------+--------------+---------+-----------+------+--------------+-------------------------------------------+-------------------------+--------------+
; |Relogio                              ; 256 (0)             ; 43 (0)                    ; 0           ; 0            ; 0       ; 0         ; 89   ; 0            ; |Relogio                                  ; Relogio                 ; work         ;
;    |UC:UC|                            ; 12 (12)             ; 0 (0)                     ; 0           ; 0            ; 0       ; 0         ; 0    ; 0            ; |Relogio|UC:UC                            ; UC                      ; work         ;
;    |conversorHex7SegDisplay:DISPLAY0| ; 30 (30)             ; 0 (0)                     ; 0           ; 0            ; 0       ; 0         ; 0    ; 0            ; |Relogio|conversorHex7SegDisplay:DISPLAY0 ; conversorHex7SegDisplay ; work         ;
;    |conversorHex7SegDisplay:DISPLAY1| ; 13 (13)             ; 0 (0)                     ; 0           ; 0            ; 0       ; 0         ; 0    ; 0            ; |Relogio|conversorHex7SegDisplay:DISPLAY1 ; conversorHex7SegDisplay ; work         ;
;    |conversorHex7SegDisplay:DISPLAY2| ; 12 (12)             ; 0 (0)                     ; 0           ; 0            ; 0       ; 0         ; 0    ; 0            ; |Relogio|conversorHex7SegDisplay:DISPLAY2 ; conversorHex7SegDisplay ; work         ;
;    |conversorHex7SegDisplay:DISPLAY3| ; 13 (13)             ; 0 (0)                     ; 0           ; 0            ; 0       ; 0         ; 0    ; 0            ; |Relogio|conversorHex7SegDisplay:DISPLAY3 ; conversorHex7SegDisplay ; work         ;
;    |conversorHex7SegDisplay:DISPLAY4| ; 12 (12)             ; 0 (0)                     ; 0           ; 0            ; 0       ; 0         ; 0    ; 0            ; |Relogio|conversorHex7SegDisplay:DISPLAY4 ; conversorHex7SegDisplay ; work         ;
;    |conversorHex7SegDisplay:DISPLAY5| ; 12 (12)             ; 0 (0)                     ; 0           ; 0            ; 0       ; 0         ; 0    ; 0            ; |Relogio|conversorHex7SegDisplay:DISPLAY5 ; conversorHex7SegDisplay ; work         ;
;    |decoder:DE|                       ; 3 (3)               ; 0 (0)                     ; 0           ; 0            ; 0       ; 0         ; 0    ; 0            ; |Relogio|decoder:DE                       ; decoder                 ; work         ;
;    |divisorGenerico:BASE_TEMPO|       ; 47 (47)             ; 27 (27)                   ; 0           ; 0            ; 0       ; 0         ; 0    ; 0            ; |Relogio|divisorGenerico:BASE_TEMPO       ; divisorGenerico         ; work         ;
;    |mux:Mux2_Jump|                    ; 21 (21)             ; 0 (0)                     ; 0           ; 0            ; 0       ; 0         ; 0    ; 0            ; |Relogio|mux:Mux2_Jump                    ; mux                     ; work         ;
;    |muxULA:Mux_entrada_ULA|           ; 4 (4)               ; 0 (0)                     ; 0           ; 0            ; 0       ; 0         ; 0    ; 0            ; |Relogio|muxULA:Mux_entrada_ULA           ; muxULA                  ; work         ;
;    |pc:PC|                            ; 0 (0)               ; 8 (8)                     ; 0           ; 0            ; 0       ; 0         ; 0    ; 0            ; |Relogio|pc:PC                            ; pc                      ; work         ;
;    |rom:ROM|                          ; 57 (57)             ; 0 (0)                     ; 0           ; 0            ; 0       ; 0         ; 0    ; 0            ; |Relogio|rom:ROM                          ; rom                     ; work         ;
;    |somador:Somador|                  ; 8 (8)               ; 8 (8)                     ; 0           ; 0            ; 0       ; 0         ; 0    ; 0            ; |Relogio|somador:Somador                  ; somador                 ; work         ;
;    |ula:ULA|                          ; 12 (12)             ; 0 (0)                     ; 0           ; 0            ; 0       ; 0         ; 0    ; 0            ; |Relogio|ula:ULA                          ; ula                     ; work         ;
+---------------------------------------+---------------------+---------------------------+-------------+--------------+---------+-----------+------+--------------+-------------------------------------------+-------------------------+--------------+
Note: For table entries with two numbers listed, the numbers in parentheses indicate the number of resources of the given type used by the specific entity alone. The numbers listed outside of parentheses indicate the total resources of the given type used by the specific entity and all of its sub-entities in the hierarchy.


+---------------------------------------------------------------------------------------------------+
; User-Specified and Inferred Latches                                                               ;
+----------------------------------------------------+---------------------+------------------------+
; Latch Name                                         ; Latch Enable Signal ; Free of Timing Hazards ;
+----------------------------------------------------+---------------------+------------------------+
; UC:UC|Mux_Jump                                     ; UC:UC|Mux_Jump      ; yes                    ;
; Number of user-specified and inferred latches = 1  ;                     ;                        ;
+----------------------------------------------------+---------------------+------------------------+
Note: All latches listed above may not be present at the end of synthesis due to various synthesis optimizations.


+------------------------------------------------------+
; General Register Statistics                          ;
+----------------------------------------------+-------+
; Statistic                                    ; Value ;
+----------------------------------------------+-------+
; Total registers                              ; 43    ;
; Number of registers using Synchronous Clear  ; 26    ;
; Number of registers using Synchronous Load   ; 0     ;
; Number of registers using Asynchronous Clear ; 0     ;
; Number of registers using Asynchronous Load  ; 0     ;
; Number of registers using Clock Enable       ; 26    ;
; Number of registers using Preset             ; 0     ;
+----------------------------------------------+-------+


+----------------------------------------------------------------------------------------------------------------------------------------------------------------------+
; Multiplexer Restructuring Statistics (Restructuring Performed)                                                                                                       ;
+--------------------+-----------+---------------+----------------------+------------------------+------------+--------------------------------------------------------+
; Multiplexer Inputs ; Bus Width ; Baseline Area ; Area if Restructured ; Saving if Restructured ; Registered ; Example Multiplexer Output                             ;
+--------------------+-----------+---------------+----------------------+------------------------+------------+--------------------------------------------------------+
; 7:1                ; 26 bits   ; 104 LEs       ; 26 LEs               ; 78 LEs                 ; Yes        ; |Relogio|divisorGenerico:BASE_TEMPO|contador[16]       ;
; 6:1                ; 4 bits    ; 16 LEs        ; 16 LEs               ; 0 LEs                  ; No         ; |Relogio|ula:ULA|Mux0                                  ;
; 6:1                ; 2 bits    ; 8 LEs         ; 6 LEs                ; 2 LEs                  ; No         ; |Relogio|conversorHex7SegDisplay:DISPLAY0|saida7seg[4] ;
; 6:1                ; 2 bits    ; 8 LEs         ; 6 LEs                ; 2 LEs                  ; No         ; |Relogio|conversorHex7SegDisplay:DISPLAY1|saida7seg[4] ;
; 6:1                ; 2 bits    ; 8 LEs         ; 6 LEs                ; 2 LEs                  ; No         ; |Relogio|conversorHex7SegDisplay:DISPLAY2|saida7seg[6] ;
; 6:1                ; 2 bits    ; 8 LEs         ; 6 LEs                ; 2 LEs                  ; No         ; |Relogio|conversorHex7SegDisplay:DISPLAY3|saida7seg[6] ;
; 6:1                ; 2 bits    ; 8 LEs         ; 6 LEs                ; 2 LEs                  ; No         ; |Relogio|conversorHex7SegDisplay:DISPLAY4|saida7seg[6] ;
; 6:1                ; 2 bits    ; 8 LEs         ; 6 LEs                ; 2 LEs                  ; No         ; |Relogio|conversorHex7SegDisplay:DISPLAY5|saida7seg[4] ;
+--------------------+-----------+---------------+----------------------+------------------------+------------+--------------------------------------------------------+


+-------------------------------------------------------------------------+
; Parameter Settings for User Entity Instance: Top-level Entity: |Relogio ;
+----------------------------+-------+------------------------------------+
; Parameter Name             ; Value ; Type                               ;
+----------------------------+-------+------------------------------------+
; larguraBarramentoEnderecos ; 8     ; Signed Integer                     ;
; larguraBarramentoDados     ; 4     ; Signed Integer                     ;
; quantidadeLedsRed          ; 18    ; Signed Integer                     ;
; quantidadeLedsGreen        ; 8     ; Signed Integer                     ;
; quantidadeChaves           ; 2     ; Signed Integer                     ;
; quantidadeBotoes           ; 4     ; Signed Integer                     ;
; quantidadeDisplays         ; 8     ; Signed Integer                     ;
+----------------------------+-------+------------------------------------+
Note: In order to hide this table in the UI and the text report file, please set the "Show Parameter Settings in Synthesis Report" option in "Analysis and Synthesis Settings -> More Settings" to "Off".


+--------------------------------------------------------------+
; Parameter Settings for User Entity Instance: somador:Somador ;
+----------------+-------+-------------------------------------+
; Parameter Name ; Value ; Type                                ;
+----------------+-------+-------------------------------------+
; largura_dados  ; 8     ; Signed Integer                      ;
; incremento     ; 1     ; Signed Integer                      ;
+----------------+-------+-------------------------------------+
Note: In order to hide this table in the UI and the text report file, please set the "Show Parameter Settings in Synthesis Report" option in "Analysis and Synthesis Settings -> More Settings" to "Off".


+------------------------------------------------------------+
; Parameter Settings for User Entity Instance: mux:Mux2_Jump ;
+----------------+-------+-----------------------------------+
; Parameter Name ; Value ; Type                              ;
+----------------+-------+-----------------------------------+
; largura_dados  ; 8     ; Signed Integer                    ;
+----------------+-------+-----------------------------------+
Note: In order to hide this table in the UI and the text report file, please set the "Show Parameter Settings in Synthesis Report" option in "Analysis and Synthesis Settings -> More Settings" to "Off".


+----------------------------------------------------+
; Parameter Settings for User Entity Instance: pc:PC ;
+---------------------+-------+----------------------+
; Parameter Name      ; Value ; Type                 ;
+---------------------+-------+----------------------+
; largura_pc_endereco ; 8     ; Signed Integer       ;
+---------------------+-------+----------------------+
Note: In order to hide this table in the UI and the text report file, please set the "Show Parameter Settings in Synthesis Report" option in "Analysis and Synthesis Settings -> More Settings" to "Off".


+------------------------------------------------------+
; Parameter Settings for User Entity Instance: rom:ROM ;
+----------------+-------+-----------------------------+
; Parameter Name ; Value ; Type                        ;
+----------------+-------+-----------------------------+
; datawidth      ; 12    ; Signed Integer              ;
; addrwidth      ; 8     ; Signed Integer              ;
+----------------+-------+-----------------------------+
Note: In order to hide this table in the UI and the text report file, please set the "Show Parameter Settings in Synthesis Report" option in "Analysis and Synthesis Settings -> More Settings" to "Off".


+----------------------------------------------------+
; Parameter Settings for User Entity Instance: UC:UC ;
+----------------+-------+---------------------------+
; Parameter Name ; Value ; Type                      ;
+----------------+-------+---------------------------+
; largura_dados  ; 4     ; Signed Integer            ;
+----------------+-------+---------------------------+
Note: In order to hide this table in the UI and the text report file, please set the "Show Parameter Settings in Synthesis Report" option in "Analysis and Synthesis Settings -> More Settings" to "Off".


+---------------------------------------------------------------------+
; Parameter Settings for User Entity Instance: muxULA:Mux_entrada_ULA ;
+----------------+-------+--------------------------------------------+
; Parameter Name ; Value ; Type                                       ;
+----------------+-------+--------------------------------------------+
; largura_dados  ; 4     ; Signed Integer                             ;
+----------------+-------+--------------------------------------------+
Note: In order to hide this table in the UI and the text report file, please set the "Show Parameter Settings in Synthesis Report" option in "Analysis and Synthesis Settings -> More Settings" to "Off".


+----------------------------------------------------------------------+
; Parameter Settings for User Entity Instance: BancodeRegistradores:BR ;
+---------------------+-------+----------------------------------------+
; Parameter Name      ; Value ; Type                                   ;
+---------------------+-------+----------------------------------------+
; larguradados        ; 4     ; Signed Integer                         ;
; larguraendbancoregs ; 4     ; Signed Integer                         ;
+---------------------+-------+----------------------------------------+
Note: In order to hide this table in the UI and the text report file, please set the "Show Parameter Settings in Synthesis Report" option in "Analysis and Synthesis Settings -> More Settings" to "Off".


+------------------------------------------------------+
; Parameter Settings for User Entity Instance: ula:ULA ;
+----------------+-------+-----------------------------+
; Parameter Name ; Value ; Type                        ;
+----------------+-------+-----------------------------+
; largura_dados  ; 4     ; Signed Integer              ;
+----------------+-------+-----------------------------+
Note: In order to hide this table in the UI and the text report file, please set the "Show Parameter Settings in Synthesis Report" option in "Analysis and Synthesis Settings -> More Settings" to "Off".


+-------------------------------------------------------------------------+
; Parameter Settings for User Entity Instance: divisorGenerico:BASE_TEMPO ;
+----------------+----------+---------------------------------------------+
; Parameter Name ; Value    ; Type                                        ;
+----------------+----------+---------------------------------------------+
; divisor1       ; 50000000 ; Signed Integer                              ;
; divisor2       ; 7000000  ; Signed Integer                              ;
; divisor3       ; 1000000  ; Signed Integer                              ;
+----------------+----------+---------------------------------------------+
Note: In order to hide this table in the UI and the text report file, please set the "Show Parameter Settings in Synthesis Report" option in "Analysis and Synthesis Settings -> More Settings" to "Off".


+-----------------------------------------------------------+
; Parameter Settings for User Entity Instance: chaves:CHAVE ;
+----------------+-------+----------------------------------+
; Parameter Name ; Value ; Type                             ;
+----------------+-------+----------------------------------+
; largura        ; 2     ; Signed Integer                   ;
+----------------+-------+----------------------------------+
Note: In order to hide this table in the UI and the text report file, please set the "Show Parameter Settings in Synthesis Report" option in "Analysis and Synthesis Settings -> More Settings" to "Off".


+------------------------------------------------------------------------------------------------------------------+
; Port Connectivity Checks: "decoder:DE"                                                                           ;
+--------+--------+----------+-------------------------------------------------------------------------------------+
; Port   ; Type   ; Severity ; Details                                                                             ;
+--------+--------+----------+-------------------------------------------------------------------------------------+
; eseg76 ; Output ; Info     ; Connected to dangling logic. Logic that only feeds a dangling port will be removed. ;
; eseg77 ; Output ; Info     ; Connected to dangling logic. Logic that only feeds a dangling port will be removed. ;
; ekey   ; Output ; Info     ; Connected to dangling logic. Logic that only feeds a dangling port will be removed. ;
; ebt    ; Output ; Info     ; Connected to dangling logic. Logic that only feeds a dangling port will be removed. ;
+--------+--------+----------+-------------------------------------------------------------------------------------+


+-----------------------------------------------------+
; Post-Synthesis Netlist Statistics for Top Partition ;
+-----------------------+-----------------------------+
; Type                  ; Count                       ;
+-----------------------+-----------------------------+
; boundary_port         ; 89                          ;
; cycloneiii_ff         ; 43                          ;
;     ENA SCLR          ; 26                          ;
;     plain             ; 17                          ;
; cycloneiii_lcell_comb ; 257                         ;
;     arith             ; 35                          ;
;         2 data inputs ; 31                          ;
;         3 data inputs ; 4                           ;
;     normal            ; 222                         ;
;         0 data inputs ; 1                           ;
;         1 data inputs ; 3                           ;
;         2 data inputs ; 8                           ;
;         3 data inputs ; 33                          ;
;         4 data inputs ; 177                         ;
;                       ;                             ;
; Max LUT depth         ; 12.30                       ;
; Average LUT depth     ; 7.33                        ;
+-----------------------+-----------------------------+


+-------------------------------+
; Elapsed Time Per Partition    ;
+----------------+--------------+
; Partition Name ; Elapsed Time ;
+----------------+--------------+
; Top            ; 00:00:02     ;
+----------------+--------------+


+-------------------------------+
; Analysis & Synthesis Messages ;
+-------------------------------+
Info: *******************************************************************
Info: Running Quartus Prime Analysis & Synthesis
    Info: Version 17.1.0 Build 590 10/25/2017 SJ Lite Edition
    Info: Processing started: Tue Oct 08 12:47:19 2019
Info: Command: quartus_map --read_settings_files=on --write_settings_files=off Processador -c Processador
Warning (18236): Number of processors has not been specified which may cause overloading on shared machines.  Set the global assignment NUM_PARALLEL_PROCESSORS in your QSF to an appropriate value for best performance.
Info (20030): Parallel compilation is enabled and will use 2 of the 2 processors detected
Info (12021): Found 2 design units, including 1 entities, in source file ula.vhd
    Info (12022): Found design unit 1: ula-Arch File: C:/Users/victo/Documents/GitHub/Processador-Relogio/Terceira_tentativa/ula.vhd Line: 35
    Info (12023): Found entity 1: ula File: C:/Users/victo/Documents/GitHub/Processador-Relogio/Terceira_tentativa/ula.vhd Line: 17
Info (12021): Found 2 design units, including 1 entities, in source file uc.vhd
    Info (12022): Found design unit 1: UC-Arch File: C:/Users/victo/Documents/GitHub/Processador-Relogio/Terceira_tentativa/UC.vhd Line: 45
    Info (12023): Found entity 1: UC File: C:/Users/victo/Documents/GitHub/Processador-Relogio/Terceira_tentativa/UC.vhd Line: 25
Info (12021): Found 2 design units, including 1 entities, in source file somador.vhd
    Info (12022): Found design unit 1: somador-Arc File: C:/Users/victo/Documents/GitHub/Processador-Relogio/Terceira_tentativa/somador.vhd Line: 20
    Info (12023): Found entity 1: somador File: C:/Users/victo/Documents/GitHub/Processador-Relogio/Terceira_tentativa/somador.vhd Line: 5
Info (12021): Found 2 design units, including 1 entities, in source file rom.vhd
    Info (12022): Found design unit 1: rom-initFileROM File: C:/Users/victo/Documents/GitHub/Processador-Relogio/Terceira_tentativa/rom.vhd Line: 19
    Info (12023): Found entity 1: rom File: C:/Users/victo/Documents/GitHub/Processador-Relogio/Terceira_tentativa/rom.vhd Line: 5
Info (12021): Found 2 design units, including 1 entities, in source file relogio.vhd
    Info (12022): Found design unit 1: Relogio-estrutural File: C:/Users/victo/Documents/GitHub/Processador-Relogio/Terceira_tentativa/Relogio.vhd Line: 30
    Info (12023): Found entity 1: Relogio File: C:/Users/victo/Documents/GitHub/Processador-Relogio/Terceira_tentativa/Relogio.vhd Line: 4
Info (12021): Found 2 design units, including 1 entities, in source file pc.vhd
    Info (12022): Found design unit 1: pc-Arch File: C:/Users/victo/Documents/GitHub/Processador-Relogio/Terceira_tentativa/pc.vhd Line: 16
    Info (12023): Found entity 1: pc File: C:/Users/victo/Documents/GitHub/Processador-Relogio/Terceira_tentativa/pc.vhd Line: 5
Warning (12090): Entity "mux" obtained from "mux.vhd" instead of from Quartus Prime megafunction library File: C:/Users/victo/Documents/GitHub/Processador-Relogio/Terceira_tentativa/mux.vhd Line: 4
Info (12021): Found 2 design units, including 1 entities, in source file mux.vhd
    Info (12022): Found design unit 1: mux-Arc File: C:/Users/victo/Documents/GitHub/Processador-Relogio/Terceira_tentativa/mux.vhd Line: 22
    Info (12023): Found entity 1: mux File: C:/Users/victo/Documents/GitHub/Processador-Relogio/Terceira_tentativa/mux.vhd Line: 4
Info (12021): Found 2 design units, including 1 entities, in source file flipflop.vhd
    Info (12022): Found design unit 1: flipflop-Arc File: C:/Users/victo/Documents/GitHub/Processador-Relogio/Terceira_tentativa/flipflop.vhd Line: 13
    Info (12023): Found entity 1: flipflop File: C:/Users/victo/Documents/GitHub/Processador-Relogio/Terceira_tentativa/flipflop.vhd Line: 4
Info (12021): Found 2 design units, including 1 entities, in source file divisorgenerico.vhd
    Info (12022): Found design unit 1: divisorGenerico-divInteiro File: C:/Users/victo/Documents/GitHub/Processador-Relogio/Terceira_tentativa/divisorGenerico.vhd Line: 18
    Info (12023): Found entity 1: divisorGenerico File: C:/Users/victo/Documents/GitHub/Processador-Relogio/Terceira_tentativa/divisorGenerico.vhd Line: 5
Info (12021): Found 1 design units, including 1 entities, in source file display7seg.vhd
    Info (12023): Found entity 1: display7Seg File: C:/Users/victo/Documents/GitHub/Processador-Relogio/Terceira_tentativa/display7seg.vhd Line: 4
Info (12021): Found 2 design units, including 1 entities, in source file decoder.vhd
    Info (12022): Found design unit 1: decoder-Arc File: C:/Users/victo/Documents/GitHub/Processador-Relogio/Terceira_tentativa/decoder.vhd Line: 20
    Info (12023): Found entity 1: decoder File: C:/Users/victo/Documents/GitHub/Processador-Relogio/Terceira_tentativa/decoder.vhd Line: 5
Info (12021): Found 2 design units, including 1 entities, in source file conversorhex7segdisplay.vhd
    Info (12022): Found design unit 1: conversorHex7SegDisplay-comportamento File: C:/Users/victo/Documents/GitHub/Processador-Relogio/Terceira_tentativa/conversorHex7SegDisplay.vhd Line: 17
    Info (12023): Found entity 1: conversorHex7SegDisplay File: C:/Users/victo/Documents/GitHub/Processador-Relogio/Terceira_tentativa/conversorHex7SegDisplay.vhd Line: 5
Info (12021): Found 2 design units, including 1 entities, in source file chaves.vhd
    Info (12022): Found design unit 1: chaves-Arc File: C:/Users/victo/Documents/GitHub/Processador-Relogio/Terceira_tentativa/chaves.vhd Line: 16
    Info (12023): Found entity 1: chaves File: C:/Users/victo/Documents/GitHub/Processador-Relogio/Terceira_tentativa/chaves.vhd Line: 4
Info (12021): Found 2 design units, including 1 entities, in source file bancoderegistradores.vhd
    Info (12022): Found design unit 1: BancodeRegistradores-comportamento File: C:/Users/victo/Documents/GitHub/Processador-Relogio/Terceira_tentativa/BancodeRegistradores.vhd Line: 27
    Info (12023): Found entity 1: BancodeRegistradores File: C:/Users/victo/Documents/GitHub/Processador-Relogio/Terceira_tentativa/BancodeRegistradores.vhd Line: 7
Info (12021): Found 2 design units, including 1 entities, in source file muxulavhd.vhd
    Info (12022): Found design unit 1: muxULA-Arc File: C:/Users/victo/Documents/GitHub/Processador-Relogio/Terceira_tentativa/muxULAvhd.vhd Line: 22
    Info (12023): Found entity 1: muxULA File: C:/Users/victo/Documents/GitHub/Processador-Relogio/Terceira_tentativa/muxULAvhd.vhd Line: 4
Info (12127): Elaborating entity "Relogio" for the top level hierarchy
Warning (10541): VHDL Signal Declaration warning at Relogio.vhd(23): used implicit default value for signal "LEDR" because signal was never assigned a value or an explicit default value. Use of implicit default value may introduce unintended design optimizations. File: C:/Users/victo/Documents/GitHub/Processador-Relogio/Terceira_tentativa/Relogio.vhd Line: 23
Warning (10541): VHDL Signal Declaration warning at Relogio.vhd(24): used implicit default value for signal "LEDG" because signal was never assigned a value or an explicit default value. Use of implicit default value may introduce unintended design optimizations. File: C:/Users/victo/Documents/GitHub/Processador-Relogio/Terceira_tentativa/Relogio.vhd Line: 24
Warning (10541): VHDL Signal Declaration warning at Relogio.vhd(26): used implicit default value for signal "HEX6" because signal was never assigned a value or an explicit default value. Use of implicit default value may introduce unintended design optimizations. File: C:/Users/victo/Documents/GitHub/Processador-Relogio/Terceira_tentativa/Relogio.vhd Line: 26
Warning (10541): VHDL Signal Declaration warning at Relogio.vhd(26): used implicit default value for signal "HEX7" because signal was never assigned a value or an explicit default value. Use of implicit default value may introduce unintended design optimizations. File: C:/Users/victo/Documents/GitHub/Processador-Relogio/Terceira_tentativa/Relogio.vhd Line: 26
Warning (10036): Verilog HDL or VHDL warning at Relogio.vhd(54): object "habilitaBotoes" assigned a value but never read File: C:/Users/victo/Documents/GitHub/Processador-Relogio/Terceira_tentativa/Relogio.vhd Line: 54
Warning (10036): Verilog HDL or VHDL warning at Relogio.vhd(55): object "habilitaBaseTempo" assigned a value but never read File: C:/Users/victo/Documents/GitHub/Processador-Relogio/Terceira_tentativa/Relogio.vhd Line: 55
Info (12128): Elaborating entity "decoder" for hierarchy "decoder:DE" File: C:/Users/victo/Documents/GitHub/Processador-Relogio/Terceira_tentativa/Relogio.vhd Line: 71
Info (12128): Elaborating entity "somador" for hierarchy "somador:Somador" File: C:/Users/victo/Documents/GitHub/Processador-Relogio/Terceira_tentativa/Relogio.vhd Line: 91
Info (12128): Elaborating entity "mux" for hierarchy "mux:Mux2_Jump" File: C:/Users/victo/Documents/GitHub/Processador-Relogio/Terceira_tentativa/Relogio.vhd Line: 99
Info (12128): Elaborating entity "pc" for hierarchy "pc:PC" File: C:/Users/victo/Documents/GitHub/Processador-Relogio/Terceira_tentativa/Relogio.vhd Line: 108
Info (12128): Elaborating entity "rom" for hierarchy "rom:ROM" File: C:/Users/victo/Documents/GitHub/Processador-Relogio/Terceira_tentativa/Relogio.vhd Line: 117
Warning (10541): VHDL Signal Declaration warning at rom.vhd(22): used implicit default value for signal "content" because signal was never assigned a value or an explicit default value. Use of implicit default value may introduce unintended design optimizations. File: C:/Users/victo/Documents/GitHub/Processador-Relogio/Terceira_tentativa/rom.vhd Line: 22
Info (12128): Elaborating entity "UC" for hierarchy "UC:UC" File: C:/Users/victo/Documents/GitHub/Processador-Relogio/Terceira_tentativa/Relogio.vhd Line: 125
Warning (10541): VHDL Signal Declaration warning at UC.vhd(33): used implicit default value for signal "Habilita_BancoRegistradores" because signal was never assigned a value or an explicit default value. Use of implicit default value may introduce unintended design optimizations. File: C:/Users/victo/Documents/GitHub/Processador-Relogio/Terceira_tentativa/UC.vhd Line: 33
Warning (10631): VHDL Process Statement warning at UC.vhd(57): inferring latch(es) for signal or variable "Mux_Jump", which holds its previous value in one or more paths through the process File: C:/Users/victo/Documents/GitHub/Processador-Relogio/Terceira_tentativa/UC.vhd Line: 57
Info (10041): Inferred latch for "Mux_Jump" at UC.vhd(57) File: C:/Users/victo/Documents/GitHub/Processador-Relogio/Terceira_tentativa/UC.vhd Line: 57
Info (12128): Elaborating entity "muxULA" for hierarchy "muxULA:Mux_entrada_ULA" File: C:/Users/victo/Documents/GitHub/Processador-Relogio/Terceira_tentativa/Relogio.vhd Line: 138
Info (12128): Elaborating entity "BancodeRegistradores" for hierarchy "BancodeRegistradores:BR" File: C:/Users/victo/Documents/GitHub/Processador-Relogio/Terceira_tentativa/Relogio.vhd Line: 147
Info (12128): Elaborating entity "ula" for hierarchy "ula:ULA" File: C:/Users/victo/Documents/GitHub/Processador-Relogio/Terceira_tentativa/Relogio.vhd Line: 156
Info (12128): Elaborating entity "divisorGenerico" for hierarchy "divisorGenerico:BASE_TEMPO" File: C:/Users/victo/Documents/GitHub/Processador-Relogio/Terceira_tentativa/Relogio.vhd Line: 169
Info (12128): Elaborating entity "conversorHex7SegDisplay" for hierarchy "conversorHex7SegDisplay:DISPLAY0" File: C:/Users/victo/Documents/GitHub/Processador-Relogio/Terceira_tentativa/Relogio.vhd Line: 179
Info (12128): Elaborating entity "chaves" for hierarchy "chaves:CHAVE" File: C:/Users/victo/Documents/GitHub/Processador-Relogio/Terceira_tentativa/Relogio.vhd Line: 235
Info (276014): Found 1 instances of uninferred RAM logic
    Info (276004): RAM logic "BancodeRegistradores:BR|registrador" is uninferred due to inappropriate RAM size File: C:/Users/victo/Documents/GitHub/Processador-Relogio/Terceira_tentativa/BancodeRegistradores.vhd Line: 33
Warning (113018): Width of data items in "init.mif" is greater than the memory width. Truncating data items to fit in memory. File: C:/Users/victo/Documents/GitHub/Processador-Relogio/Terceira_tentativa/init.mif Line: 7
Warning (113028): 19 out of 83 addresses are uninitialized. The Quartus Prime software will initialize them to "0". There are 1 warnings found, and 1 warnings are reported. File: C:/Users/victo/Documents/GitHub/Processador-Relogio/Terceira_tentativa/init.mif Line: 1
    Warning (113027): Addresses ranging from 64 to 82 are not initialized File: C:/Users/victo/Documents/GitHub/Processador-Relogio/Terceira_tentativa/init.mif Line: 1
Critical Warning (127005): Memory depth (256) in the design file differs from memory depth (83) in the Memory Initialization File "C:/Users/victo/Documents/GitHub/Processador-Relogio/Terceira_tentativa/init.mif" -- setting initial value for remaining addresses to 0
Warning (13012): Latch UC:UC|Mux_Jump has unsafe behavior File: C:/Users/victo/Documents/GitHub/Processador-Relogio/Terceira_tentativa/UC.vhd Line: 37
    Warning (13013): Ports D and ENA on the latch are fed by the same signal pc:PC|instrucao[7] File: C:/Users/victo/Documents/GitHub/Processador-Relogio/Terceira_tentativa/pc.vhd Line: 22
Warning (13024): Output pins are stuck at VCC or GND
    Warning (13410): Pin "LEDR[0]" is stuck at GND File: C:/Users/victo/Documents/GitHub/Processador-Relogio/Terceira_tentativa/Relogio.vhd Line: 23
    Warning (13410): Pin "LEDR[1]" is stuck at GND File: C:/Users/victo/Documents/GitHub/Processador-Relogio/Terceira_tentativa/Relogio.vhd Line: 23
    Warning (13410): Pin "LEDR[2]" is stuck at GND File: C:/Users/victo/Documents/GitHub/Processador-Relogio/Terceira_tentativa/Relogio.vhd Line: 23
    Warning (13410): Pin "LEDR[3]" is stuck at GND File: C:/Users/victo/Documents/GitHub/Processador-Relogio/Terceira_tentativa/Relogio.vhd Line: 23
    Warning (13410): Pin "LEDR[4]" is stuck at GND File: C:/Users/victo/Documents/GitHub/Processador-Relogio/Terceira_tentativa/Relogio.vhd Line: 23
    Warning (13410): Pin "LEDR[5]" is stuck at GND File: C:/Users/victo/Documents/GitHub/Processador-Relogio/Terceira_tentativa/Relogio.vhd Line: 23
    Warning (13410): Pin "LEDR[6]" is stuck at GND File: C:/Users/victo/Documents/GitHub/Processador-Relogio/Terceira_tentativa/Relogio.vhd Line: 23
    Warning (13410): Pin "LEDR[7]" is stuck at GND File: C:/Users/victo/Documents/GitHub/Processador-Relogio/Terceira_tentativa/Relogio.vhd Line: 23
    Warning (13410): Pin "LEDR[8]" is stuck at GND File: C:/Users/victo/Documents/GitHub/Processador-Relogio/Terceira_tentativa/Relogio.vhd Line: 23
    Warning (13410): Pin "LEDR[9]" is stuck at GND File: C:/Users/victo/Documents/GitHub/Processador-Relogio/Terceira_tentativa/Relogio.vhd Line: 23
    Warning (13410): Pin "LEDR[10]" is stuck at GND File: C:/Users/victo/Documents/GitHub/Processador-Relogio/Terceira_tentativa/Relogio.vhd Line: 23
    Warning (13410): Pin "LEDR[11]" is stuck at GND File: C:/Users/victo/Documents/GitHub/Processador-Relogio/Terceira_tentativa/Relogio.vhd Line: 23
    Warning (13410): Pin "LEDR[12]" is stuck at GND File: C:/Users/victo/Documents/GitHub/Processador-Relogio/Terceira_tentativa/Relogio.vhd Line: 23
    Warning (13410): Pin "LEDR[13]" is stuck at GND File: C:/Users/victo/Documents/GitHub/Processador-Relogio/Terceira_tentativa/Relogio.vhd Line: 23
    Warning (13410): Pin "LEDR[14]" is stuck at GND File: C:/Users/victo/Documents/GitHub/Processador-Relogio/Terceira_tentativa/Relogio.vhd Line: 23
    Warning (13410): Pin "LEDR[15]" is stuck at GND File: C:/Users/victo/Documents/GitHub/Processador-Relogio/Terceira_tentativa/Relogio.vhd Line: 23
    Warning (13410): Pin "LEDR[16]" is stuck at GND File: C:/Users/victo/Documents/GitHub/Processador-Relogio/Terceira_tentativa/Relogio.vhd Line: 23
    Warning (13410): Pin "LEDR[17]" is stuck at GND File: C:/Users/victo/Documents/GitHub/Processador-Relogio/Terceira_tentativa/Relogio.vhd Line: 23
    Warning (13410): Pin "LEDG[0]" is stuck at GND File: C:/Users/victo/Documents/GitHub/Processador-Relogio/Terceira_tentativa/Relogio.vhd Line: 24
    Warning (13410): Pin "LEDG[1]" is stuck at GND File: C:/Users/victo/Documents/GitHub/Processador-Relogio/Terceira_tentativa/Relogio.vhd Line: 24
    Warning (13410): Pin "LEDG[2]" is stuck at GND File: C:/Users/victo/Documents/GitHub/Processador-Relogio/Terceira_tentativa/Relogio.vhd Line: 24
    Warning (13410): Pin "LEDG[3]" is stuck at GND File: C:/Users/victo/Documents/GitHub/Processador-Relogio/Terceira_tentativa/Relogio.vhd Line: 24
    Warning (13410): Pin "LEDG[4]" is stuck at GND File: C:/Users/victo/Documents/GitHub/Processador-Relogio/Terceira_tentativa/Relogio.vhd Line: 24
    Warning (13410): Pin "LEDG[5]" is stuck at GND File: C:/Users/victo/Documents/GitHub/Processador-Relogio/Terceira_tentativa/Relogio.vhd Line: 24
    Warning (13410): Pin "LEDG[6]" is stuck at GND File: C:/Users/victo/Documents/GitHub/Processador-Relogio/Terceira_tentativa/Relogio.vhd Line: 24
    Warning (13410): Pin "LEDG[7]" is stuck at GND File: C:/Users/victo/Documents/GitHub/Processador-Relogio/Terceira_tentativa/Relogio.vhd Line: 24
    Warning (13410): Pin "HEX6[0]" is stuck at GND File: C:/Users/victo/Documents/GitHub/Processador-Relogio/Terceira_tentativa/Relogio.vhd Line: 26
    Warning (13410): Pin "HEX6[1]" is stuck at GND File: C:/Users/victo/Documents/GitHub/Processador-Relogio/Terceira_tentativa/Relogio.vhd Line: 26
    Warning (13410): Pin "HEX6[2]" is stuck at GND File: C:/Users/victo/Documents/GitHub/Processador-Relogio/Terceira_tentativa/Relogio.vhd Line: 26
    Warning (13410): Pin "HEX6[3]" is stuck at GND File: C:/Users/victo/Documents/GitHub/Processador-Relogio/Terceira_tentativa/Relogio.vhd Line: 26
    Warning (13410): Pin "HEX6[4]" is stuck at GND File: C:/Users/victo/Documents/GitHub/Processador-Relogio/Terceira_tentativa/Relogio.vhd Line: 26
    Warning (13410): Pin "HEX6[5]" is stuck at GND File: C:/Users/victo/Documents/GitHub/Processador-Relogio/Terceira_tentativa/Relogio.vhd Line: 26
    Warning (13410): Pin "HEX6[6]" is stuck at GND File: C:/Users/victo/Documents/GitHub/Processador-Relogio/Terceira_tentativa/Relogio.vhd Line: 26
    Warning (13410): Pin "HEX7[0]" is stuck at GND File: C:/Users/victo/Documents/GitHub/Processador-Relogio/Terceira_tentativa/Relogio.vhd Line: 26
    Warning (13410): Pin "HEX7[1]" is stuck at GND File: C:/Users/victo/Documents/GitHub/Processador-Relogio/Terceira_tentativa/Relogio.vhd Line: 26
    Warning (13410): Pin "HEX7[2]" is stuck at GND File: C:/Users/victo/Documents/GitHub/Processador-Relogio/Terceira_tentativa/Relogio.vhd Line: 26
    Warning (13410): Pin "HEX7[3]" is stuck at GND File: C:/Users/victo/Documents/GitHub/Processador-Relogio/Terceira_tentativa/Relogio.vhd Line: 26
    Warning (13410): Pin "HEX7[4]" is stuck at GND File: C:/Users/victo/Documents/GitHub/Processador-Relogio/Terceira_tentativa/Relogio.vhd Line: 26
    Warning (13410): Pin "HEX7[5]" is stuck at GND File: C:/Users/victo/Documents/GitHub/Processador-Relogio/Terceira_tentativa/Relogio.vhd Line: 26
    Warning (13410): Pin "HEX7[6]" is stuck at GND File: C:/Users/victo/Documents/GitHub/Processador-Relogio/Terceira_tentativa/Relogio.vhd Line: 26
Info (286030): Timing-Driven Synthesis is running
Info (16010): Generating hard_block partition "hard_block:auto_generated_inst"
    Info (16011): Adding 0 node(s), including 0 DDIO, 0 PLL, 0 transceiver and 0 LCELL
Warning (21074): Design contains 4 input pin(s) that do not drive logic
    Warning (15610): No output dependent on input pin "KEY[0]" File: C:/Users/victo/Documents/GitHub/Processador-Relogio/Terceira_tentativa/Relogio.vhd Line: 18
    Warning (15610): No output dependent on input pin "KEY[1]" File: C:/Users/victo/Documents/GitHub/Processador-Relogio/Terceira_tentativa/Relogio.vhd Line: 18
    Warning (15610): No output dependent on input pin "KEY[2]" File: C:/Users/victo/Documents/GitHub/Processador-Relogio/Terceira_tentativa/Relogio.vhd Line: 18
    Warning (15610): No output dependent on input pin "KEY[3]" File: C:/Users/victo/Documents/GitHub/Processador-Relogio/Terceira_tentativa/Relogio.vhd Line: 18
Info (21057): Implemented 345 device resources after synthesis - the final resource count might be different
    Info (21058): Implemented 7 input pins
    Info (21059): Implemented 82 output pins
    Info (21061): Implemented 256 logic cells
Info: Quartus Prime Analysis & Synthesis was successful. 0 errors, 63 warnings
    Info: Peak virtual memory: 4800 megabytes
    Info: Processing ended: Tue Oct 08 12:47:36 2019
    Info: Elapsed time: 00:00:17
    Info: Total CPU time (on all processors): 00:00:34


